 1811. James_Brown
-------------------
Insert at pos: 0
 4341. Isabella_Rogers
 1811. James_Brown
-------------------
Insert at pos: 1
 4341. Isabella_Rogers
  287. Oliver_Jones
 1811. James_Brown
-------------------
Insert at pos: 0
 4386. Emily_Cook
 4341. Isabella_Rogers
  287. Oliver_Jones
 1811. James_Brown
-------------------
Insert at pos: 2
 4386. Emily_Cook
 4341. Isabella_Rogers
  979. Sarah_Williams
  287. Oliver_Jones
 1811. James_Brown
-------------------
Insert at pos: 2
 4386. Emily_Cook
 4341. Isabella_Rogers
 2513. William_Brown
  979. Sarah_Williams
  287. Oliver_Jones
 1811. James_Brown
-------------------
Insert at pos: 4
 4386. Emily_Cook
 4341. Isabella_Rogers
 2513. William_Brown
  979. Sarah_Williams
 1896. Jack_Cook
  287. Oliver_Jones
 1811. James_Brown
-------------------
Insert at pos: 1
 4386. Emily_Cook
  357. Oscar_Davies
 4341. Isabella_Rogers
 2513. William_Brown
  979. Sarah_Williams
 1896. Jack_Cook
  287. Oliver_Jones
 1811. James_Brown
-------------------
Insert at pos: 3
 4386. Emily_Cook
  357. Oscar_Davies
 4341. Isabella_Rogers
  838. James_Foster
 2513. William_Brown
  979. Sarah_Williams
 1896. Jack_Cook
  287. Oliver_Jones
 1811. James_Brown
-------------------
Insert at pos: 2
 4386. Emily_Cook
  357. Oscar_Davies
 3771. John_Morris
 4341. Isabella_Rogers
  838. James_Foster
 2513. William_Brown
  979. Sarah_Williams
 1896. Jack_Cook
  287. Oliver_Jones
 1811. James_Brown
-------------------
Insert at pos: 3
 4386. Emily_Cook
  357. Oscar_Davies
 3771. John_Morris
 3358. Mary_Baily
 4341. Isabella_Rogers
  838. James_Foster
 2513. William_Brown
  979. Sarah_Williams
 1896. Jack_Cook
  287. Oliver_Jones
 1811. James_Brown
-------------------
Insert at pos: 6
 4386. Emily_Cook
  357. Oscar_Davies
 3771. John_Morris
 3358. Mary_Baily
 4341. Isabella_Rogers
  838. James_Foster
 4138. Jessica_Evans
 2513. William_Brown
  979. Sarah_Williams
 1896. Jack_Cook
  287. Oliver_Jones
 1811. James_Brown
-------------------
Insert at pos: 8
 4386. Emily_Cook
  357. Oscar_Davies
 3771. John_Morris
 3358. Mary_Baily
 4341. Isabella_Rogers
  838. James_Foster
 4138. Jessica_Evans
 2513. William_Brown
  338. Katie_Evans
  979. Sarah_Williams
 1896. Jack_Cook
  287. Oliver_Jones
 1811. James_Brown
-------------------
Insert at pos: 0
 3875. Kate_Evans
 4386. Emily_Cook
  357. Oscar_Davies
 3771. John_Morris
 3358. Mary_Baily
 4341. Isabella_Rogers
  838. James_Foster
 4138. Jessica_Evans
 2513. William_Brown
  338. Katie_Evans
  979. Sarah_Williams
 1896. Jack_Cook
  287. Oliver_Jones
 1811. James_Brown
-------------------
Insert at pos: 12
 3875. Kate_Evans
 4386. Emily_Cook
  357. Oscar_Davies
 3771. John_Morris
 3358. Mary_Baily
 4341. Isabella_Rogers
  838. James_Foster
 4138. Jessica_Evans
 2513. William_Brown
  338. Katie_Evans
  979. Sarah_Williams
 1896. Jack_Cook
 4091. Thomas_Evans
  287. Oliver_Jones
 1811. James_Brown
-------------------
Insert at pos: 1
 3875. Kate_Evans
 2387. James_Powell
 4386. Emily_Cook
  357. Oscar_Davies
 3771. John_Morris
 3358. Mary_Baily
 4341. Isabella_Rogers
  838. James_Foster
 4138. Jessica_Evans
 2513. William_Brown
  338. Katie_Evans
  979. Sarah_Williams
 1896. Jack_Cook
 4091. Thomas_Evans
  287. Oliver_Jones
 1811. James_Brown
-------------------
Insert at pos: 1
 3875. Kate_Evans
 3648. Mary_Smith
 2387. James_Powell
 4386. Emily_Cook
  357. Oscar_Davies
 3771. John_Morris
 3358. Mary_Baily
 4341. Isabella_Rogers
  838. James_Foster
 4138. Jessica_Evans
 2513. William_Brown
  338. Katie_Evans
  979. Sarah_Williams
 1896. Jack_Cook
 4091. Thomas_Evans
  287. Oliver_Jones
 1811. James_Brown
-------------------
Insert at pos: 4
 3875. Kate_Evans
 3648. Mary_Smith
 2387. James_Powell
 4386. Emily_Cook
  383. Margaret_Baily
  357. Oscar_Davies
 3771. John_Morris
 3358. Mary_Baily
 4341. Isabella_Rogers
  838. James_Foster
 4138. Jessica_Evans
 2513. William_Brown
  338. Katie_Evans
  979. Sarah_Williams
 1896. Jack_Cook
 4091. Thomas_Evans
  287. Oliver_Jones
 1811. James_Brown
-------------------
Insert at pos: 11
 3875. Kate_Evans
 3648. Mary_Smith
 2387. James_Powell
 4386. Emily_Cook
  383. Margaret_Baily
  357. Oscar_Davies
 3771. John_Morris
 3358. Mary_Baily
 4341. Isabella_Rogers
  838. James_Foster
 4138. Jessica_Evans
 4341. Isabella_Rogers
 2513. William_Brown
  338. Katie_Evans
  979. Sarah_Williams
 1896. Jack_Cook
 4091. Thomas_Evans
  287. Oliver_Jones
 1811. James_Brown
-------------------
Insert at pos: 5
 3875. Kate_Evans
 3648. Mary_Smith
 2387. James_Powell
 4386. Emily_Cook
  383. Margaret_Baily
 1672. Thomas_Lopez
  357. Oscar_Davies
 3771. John_Morris
 3358. Mary_Baily
 4341. Isabella_Rogers
  838. James_Foster
 4138. Jessica_Evans
 4341. Isabella_Rogers
 2513. William_Brown
  338. Katie_Evans
  979. Sarah_Williams
 1896. Jack_Cook
 4091. Thomas_Evans
  287. Oliver_Jones
 1811. James_Brown
-------------------
Insert at pos: 0
 2130. John_Rodriguez
 3875. Kate_Evans
 3648. Mary_Smith
 2387. James_Powell
 4386. Emily_Cook
  383. Margaret_Baily
 1672. Thomas_Lopez
  357. Oscar_Davies
 3771. John_Morris
 3358. Mary_Baily
 4341. Isabella_Rogers
  838. James_Foster
 4138. Jessica_Evans
 4341. Isabella_Rogers
 2513. William_Brown
  338. Katie_Evans
  979. Sarah_Williams
 1896. Jack_Cook
 4091. Thomas_Evans
  287. Oliver_Jones
 1811. James_Brown
-------------------
Insert at pos: 14
 2130. John_Rodriguez
 3875. Kate_Evans
 3648. Mary_Smith
 2387. James_Powell
 4386. Emily_Cook
  383. Margaret_Baily
 1672. Thomas_Lopez
  357. Oscar_Davies
 3771. John_Morris
 3358. Mary_Baily
 4341. Isabella_Rogers
  838. James_Foster
 4138. Jessica_Evans
 4341. Isabella_Rogers
 4417. Thomas_Evans
 2513. William_Brown
  338. Katie_Evans
  979. Sarah_Williams
 1896. Jack_Cook
 4091. Thomas_Evans
  287. Oliver_Jones
 1811. James_Brown
-------------------
Insert at pos: 11
 2130. John_Rodriguez
 3875. Kate_Evans
 3648. Mary_Smith
 2387. James_Powell
 4386. Emily_Cook
  383. Margaret_Baily
 1672. Thomas_Lopez
  357. Oscar_Davies
 3771. John_Morris
 3358. Mary_Baily
 4341. Isabella_Rogers
 4138. Jessica_Evans
  838. James_Foster
 4138. Jessica_Evans
 4341. Isabella_Rogers
 4417. Thomas_Evans
 2513. William_Brown
  338. Katie_Evans
  979. Sarah_Williams
 1896. Jack_Cook
 4091. Thomas_Evans
  287. Oliver_Jones
 1811. James_Brown
-------------------
Insert at pos: 16
 2130. John_Rodriguez
 3875. Kate_Evans
 3648. Mary_Smith
 2387. James_Powell
 4386. Emily_Cook
  383. Margaret_Baily
 1672. Thomas_Lopez
  357. Oscar_Davies
 3771. John_Morris
 3358. Mary_Baily
 4341. Isabella_Rogers
 4138. Jessica_Evans
  838. James_Foster
 4138. Jessica_Evans
 4341. Isabella_Rogers
 4417. Thomas_Evans
 3221. Patricia_Diaz
 2513. William_Brown
  338. Katie_Evans
  979. Sarah_Williams
 1896. Jack_Cook
 4091. Thomas_Evans
  287. Oliver_Jones
 1811. James_Brown
-------------------
Insert at pos: 22
 2130. John_Rodriguez
 3875. Kate_Evans
 3648. Mary_Smith
 2387. James_Powell
 4386. Emily_Cook
  383. Margaret_Baily
 1672. Thomas_Lopez
  357. Oscar_Davies
 3771. John_Morris
 3358. Mary_Baily
 4341. Isabella_Rogers
 4138. Jessica_Evans
  838. James_Foster
 4138. Jessica_Evans
 4341. Isabella_Rogers
 4417. Thomas_Evans
 3221. Patricia_Diaz
 2513. William_Brown
  338. Katie_Evans
  979. Sarah_Williams
 1896. Jack_Cook
 4091. Thomas_Evans
 4009. Ethan_Lee
  287. Oliver_Jones
 1811. James_Brown
-------------------
Insert at pos: 13
 2130. John_Rodriguez
 3875. Kate_Evans
 3648. Mary_Smith
 2387. James_Powell
 4386. Emily_Cook
  383. Margaret_Baily
 1672. Thomas_Lopez
  357. Oscar_Davies
 3771. John_Morris
 3358. Mary_Baily
 4341. Isabella_Rogers
 4138. Jessica_Evans
  838. James_Foster
 1138. Amelia_Foster
 4138. Jessica_Evans
 4341. Isabella_Rogers
 4417. Thomas_Evans
 3221. Patricia_Diaz
 2513. William_Brown
  338. Katie_Evans
  979. Sarah_Williams
 1896. Jack_Cook
 4091. Thomas_Evans
 4009. Ethan_Lee
  287. Oliver_Jones
 1811. James_Brown
-------------------
Insert at pos: 24
 2130. John_Rodriguez
 3875. Kate_Evans
 3648. Mary_Smith
 2387. James_Powell
 4386. Emily_Cook
  383. Margaret_Baily
 1672. Thomas_Lopez
  357. Oscar_Davies
 3771. John_Morris
 3358. Mary_Baily
 4341. Isabella_Rogers
 4138. Jessica_Evans
  838. James_Foster
 1138. Amelia_Foster
 4138. Jessica_Evans
 4341. Isabella_Rogers
 4417. Thomas_Evans
 3221. Patricia_Diaz
 2513. William_Brown
  338. Katie_Evans
  979. Sarah_Williams
 1896. Jack_Cook
 4091. Thomas_Evans
 4009. Ethan_Lee
 1896. Jack_Cook
  287. Oliver_Jones
 1811. James_Brown
-------------------
 2130. John_Rodriguez
 3875. Kate_Evans
 3648. Mary_Smith
 2387. James_Powell
 4386. Emily_Cook
  383. Margaret_Baily
 1672. Thomas_Lopez
  357. Oscar_Davies
 3771. John_Morris
 3358. Mary_Baily
 4341. Isabella_Rogers
 4138. Jessica_Evans
  838. James_Foster
 1138. Amelia_Foster
 4138. Jessica_Evans
 4341. Isabella_Rogers
 4417. Thomas_Evans
 3221. Patricia_Diaz
 2513. William_Brown
  338. Katie_Evans
  979. Sarah_Williams
 1896. Jack_Cook
 4091. Thomas_Evans
 4009. Ethan_Lee
 1896. Jack_Cook
  287. Oliver_Jones
 1811. James_Brown
-------------------
