 1896. Jack_Cook
 1138. Amelia_Foster
 4009. Ethan_Lee
 3221. Patricia_Diaz
 4138. Jessica_Evans
 4417. Thomas_Evans
 2130. John_Rodriguez
 1672. Thomas_Lopez
 4341. Isabella_Rogers
  383. Margaret_Baily
 3648. Mary_Smith
 2387. James_Powell
 4091. Thomas_Evans
 3875. Kate_Evans
  338. Katie_Evans
 4138. Jessica_Evans
 3358. Mary_Baily
 3771. John_Morris
  838. James_Foster
  357. Oscar_Davies
 1896. Jack_Cook
 2513. William_Brown
  979. Sarah_Williams
 4386. Emily_Cook
  287. Oliver_Jones
 4341. Isabella_Rogers
 1811. James_Brown
-------------------
 1811. James_Brown found at index: 26
Found 1 times!
-----------------
 4341. Isabella_Rogers found at index: 8
Found 2 times!
-----------------
  287. Oliver_Jones found at index: 24
Found 1 times!
-----------------
 4386. Emily_Cook found at index: 23
Found 1 times!
-----------------
  979. Sarah_Williams found at index: 22
Found 1 times!
-----------------
 2513. William_Brown found at index: 21
Found 1 times!
-----------------
 1896. Jack_Cook found at index: 0
Found 2 times!
-----------------
  357. Oscar_Davies found at index: 19
Found 1 times!
-----------------
  838. James_Foster found at index: 18
Found 1 times!
-----------------
 3771. John_Morris found at index: 17
Found 1 times!
-----------------
 3358. Mary_Baily found at index: 16
Found 1 times!
-----------------
 4138. Jessica_Evans found at index: 4
Found 2 times!
-----------------
  338. Katie_Evans found at index: 14
Found 1 times!
-----------------
 3875. Kate_Evans found at index: 13
Found 1 times!
-----------------
 4091. Thomas_Evans found at index: 12
Found 1 times!
-----------------
 2387. James_Powell found at index: 11
Found 1 times!
-----------------
 3648. Mary_Smith found at index: 10
Found 1 times!
-----------------
  383. Margaret_Baily found at index: 9
Found 1 times!
-----------------
 4341. Isabella_Rogers found at index: 8
Found 2 times!
-----------------
 1672. Thomas_Lopez found at index: 7
Found 1 times!
-----------------
 2130. John_Rodriguez found at index: 6
Found 1 times!
-----------------
 4417. Thomas_Evans found at index: 5
Found 1 times!
-----------------
 4138. Jessica_Evans found at index: 4
Found 2 times!
-----------------
 3221. Patricia_Diaz found at index: 3
Found 1 times!
-----------------
 4009. Ethan_Lee found at index: 2
Found 1 times!
-----------------
 1138. Amelia_Foster found at index: 1
Found 1 times!
-----------------
 1896. Jack_Cook found at index: 0
Found 2 times!
-----------------
