 1896. Jack_Cook
 1138. Amelia_Foster
 4009. Ethan_Lee
 3221. Patricia_Diaz
 4138. Jessica_Evans
 4417. Thomas_Evans
 2130. John_Rodriguez
 1672. Thomas_Lopez
 4341. Isabella_Rogers
  383. Margaret_Baily
 3648. Mary_Smith
 2387. James_Powell
 4091. Thomas_Evans
 3875. Kate_Evans
  338. Katie_Evans
 4138. Jessica_Evans
 3358. Mary_Baily
 3771. John_Morris
  838. James_Foster
  357. Oscar_Davies
 1896. Jack_Cook
 2513. William_Brown
  979. Sarah_Williams
 4386. Emily_Cook
  287. Oliver_Jones
 4341. Isabella_Rogers
 1811. James_Brown
-------------------
