 1811  287  979  357  338  838  383 1672 1138 4341 2513 1896 2387 2130 3771 3358 3221 3648 4138 3875 4091 4009 4386 4417
 1896  287  979  357  338  838  383 1672 1138 4341 2513 2387 2130 3771 3358 3221 3648 4138 3875 4091 4009 4386 4417
 1896  287  979  357  338  838  383 1672 1138 4386 2513 2387 2130 3771 3358 3221 3648 4138 3875 4091 4009 4417
 1896  979  357  338  838  383 1672 1138 4386 2513 2387 2130 3771 3358 3221 3648 4138 3875 4091 4009 4417
 1896  979  357  338  838  383 1672 1138 4417 2513 2387 2130 3771 3358 3221 3648 4138 3875 4091 4009
 1896 1138  357  338  838  383 1672 4417 2513 2387 2130 3771 3358 3221 3648 4138 3875 4091 4009
 1896 1138  357  338  838  383 1672 4417 3221 2387 2130 3771 3358 3648 4138 3875 4091 4009
 2130 1138  357  338  838  383 1672 4417 3221 2387 3771 3358 3648 4138 3875 4091 4009
 2130 1138  383  338  838 1672 4417 3221 2387 3771 3358 3648 4138 3875 4091 4009
 2130 1138  383  338 1672 4417 3221 2387 3771 3358 3648 4138 3875 4091 4009
 2130 1138  383  338 1672 4417 3221 2387 3875 3358 3648 4138 4091 4009
 2130 1138  383  338 1672 4417 3221 2387 3875 3648 4138 4091 4009
 2130 1138  383  338 1672 4417 3221 2387 3875 3648 4091 4009
 2130 1138  383 1672 4417 3221 2387 3875 3648 4091 4009
 2130 1138  383 1672 4417 3221 2387 4009 3648 4091
 2130 1138  383 1672 4417 3221 2387 4009 3648
 2130 1138  383 1672 4417 3221 4009 3648
 2130 1138  383 1672 4417 3221 4009
 2130 1138 1672 4417 3221 4009
 2130 1138 1672 4417 3221 4009
 2130 1138 4417 3221 4009
 3221 1138 4417 4009
 3221 1138 4009
 3221 1138 4009
 4009 1138
 1138


